2014/05/06 17:35:05 [trace] [system.CModule] Loading "log" application component
in /var/www/gxc/web/index.php (22)
2014/05/06 17:35:05 [trace] [system.CModule] Loading "request" application component
in /var/www/GXC-CMS-2/core/cms/extensions/yii-debug-toolbar/YiiDebugToolbarRoute.php (112)
in /var/www/gxc/web/index.php (22)
2014/05/06 17:35:05 [trace] [system.CModule] Loading "urlManager" application component
in /var/www/GXC-CMS-2/core/cms/components/HttpRequest.php (66)
in /var/www/GXC-CMS-2/core/cms/components/HttpRequest.php (13)
in /var/www/GXC-CMS-2/core/cms/extensions/yii-debug-toolbar/YiiDebugToolbarRoute.php (112)
2014/05/06 17:35:05 [trace] [system.CModule] Loading "viewRenderer" application component
in /var/www/GXC-CMS-2/core/cms/extensions/yii-debug-toolbar/panels/YiiDebugToolbarPanelViewsRendering.php (35)
in /var/www/GXC-CMS-2/core/cms/extensions/yii-debug-toolbar/YiiDebugToolbar.php (191)
in /var/www/GXC-CMS-2/core/cms/extensions/yii-debug-toolbar/YiiDebugToolbar.php (111)
2014/05/06 17:35:05 [trace] [system.CModule] Loading "db" application component
in /var/www/GXC-CMS-2/core/cms/extensions/yii-debug-toolbar/panels/YiiDebugToolbarPanelSql.php (46)
in /var/www/GXC-CMS-2/core/cms/extensions/yii-debug-toolbar/YiiDebugToolbar.php (182)
in /var/www/GXC-CMS-2/core/cms/extensions/yii-debug-toolbar/YiiDebugToolbar.php (111)
2014/05/06 17:35:05 [trace] [system.db.CDbConnection] Opening DB connection
in /var/www/GXC-CMS-2/core/cms/extensions/yii-debug-toolbar/panels/YiiDebugToolbarPanelSql.php (46)
in /var/www/GXC-CMS-2/core/cms/extensions/yii-debug-toolbar/YiiDebugToolbar.php (182)
in /var/www/GXC-CMS-2/core/cms/extensions/yii-debug-toolbar/YiiDebugToolbar.php (111)
2014/05/06 17:35:05 [trace] [system.CModule] Loading "clientScript" application component
in /var/www/GXC-CMS-2/core/cms/extensions/yii-debug-toolbar/YiiDebugToolbar.php (132)
in /var/www/GXC-CMS-2/core/cms/extensions/yii-debug-toolbar/YiiDebugToolbar.php (112)
in /var/www/GXC-CMS-2/core/cms/extensions/yii-debug-toolbar/YiiDebugToolbarRoute.php (143)
2014/05/06 17:35:05 [trace] [system.CModule] Loading "assetManager" application component
in /var/www/GXC-CMS-2/core/cms/components/GxcHelpers.php (217)
in /var/www/GXC-CMS-2/core/cms/extensions/yii-debug-toolbar/YiiDebugToolbar.php (80)
in /var/www/GXC-CMS-2/core/cms/extensions/yii-debug-toolbar/YiiDebugToolbar.php (140)
2014/05/06 17:35:06 [trace] [system.CModule] Loading "settings" application component
in /var/www/gxc/web/protected/controllers/SiteController.php (8)
in /var/www/gxc/web/index.php (22)
2014/05/06 17:35:06 [trace] [system.CModule] Loading "cache" application component
in /var/www/GXC-CMS-2/core/cms/extensions/settings/CmsSettings.php (400)
in /var/www/GXC-CMS-2/core/cms/extensions/settings/CmsSettings.php (243)
in /var/www/GXC-CMS-2/core/cms/extensions/settings/CmsSettings.php (96)
2014/05/06 17:35:06 [trace] [system.CModule] Loading "db" application component
in /var/www/GXC-CMS-2/core/cms/extensions/settings/CmsSettings.php (408)
in /var/www/GXC-CMS-2/core/cms/extensions/settings/CmsSettings.php (249)
in /var/www/GXC-CMS-2/core/cms/extensions/settings/CmsSettings.php (96)
2014/05/06 17:35:06 [trace] [system.db.CDbConnection] Opening DB connection
in /var/www/GXC-CMS-2/core/cms/extensions/settings/CmsSettings.php (408)
in /var/www/GXC-CMS-2/core/cms/extensions/settings/CmsSettings.php (249)
in /var/www/GXC-CMS-2/core/cms/extensions/settings/CmsSettings.php (96)
2014/05/06 17:35:06 [error] [exception.CDbException] exception 'CDbException' with message 'CDbConnection failed to open the DB connection: invalid data source name' in /var/www/GXC-CMS-2/core/yii/framework/db/CDbConnection.php:381
Stack trace:
#0 /var/www/GXC-CMS-2/core/yii/framework/db/CDbConnection.php(330): CDbConnection->open()
#1 /var/www/GXC-CMS-2/core/yii/framework/db/CDbConnection.php(308): CDbConnection->setActive(true)
#2 /var/www/GXC-CMS-2/core/yii/framework/base/CModule.php(387): CDbConnection->init()
#3 /var/www/GXC-CMS-2/core/cms/extensions/settings/CmsSettings.php(408): CModule->getComponent('db')
#4 /var/www/GXC-CMS-2/core/cms/extensions/settings/CmsSettings.php(249): CmsSettings->getDbComponent()
#5 /var/www/GXC-CMS-2/core/cms/extensions/settings/CmsSettings.php(96): CmsSettings->load('general')
#6 /var/www/gxc/web/protected/controllers/SiteController.php(8): CmsSettings->get('general', 'homepage')
#7 /var/www/GXC-CMS-2/core/yii/framework/web/actions/CInlineAction.php(49): SiteController->actionIndex()
#8 /var/www/GXC-CMS-2/core/yii/framework/web/CController.php(308): CInlineAction->runWithParams(Array)
#9 /var/www/GXC-CMS-2/core/yii/framework/web/CController.php(286): CController->runAction(Object(CInlineAction))
#10 /var/www/GXC-CMS-2/core/yii/framework/web/CController.php(265): CController->runActionWithFilters(Object(CInlineAction), Array)
#11 /var/www/GXC-CMS-2/core/yii/framework/web/CWebApplication.php(282): CController->run('')
#12 /var/www/GXC-CMS-2/core/yii/framework/web/CWebApplication.php(141): CWebApplication->runController('')
#13 /var/www/GXC-CMS-2/core/yii/framework/base/CApplication.php(169): CWebApplication->processRequest()
#14 /var/www/gxc/web/index.php(22): CApplication->run()
#15 {main}
REQUEST_URI=/web/
HTTP_REFERER=http://gxc.local/
---
2014/05/06 17:35:06 [trace] [system.CModule] Loading "errorHandler" application component
2014/05/06 17:35:06 [trace] [system.CModule] Loading "messages" application component
in /var/www/GXC-CMS-2/core/cms/extensions/yii-debug-toolbar/YiiDebug.php (56)
in /var/www/GXC-CMS-2/core/cms/extensions/yii-debug-toolbar/views/yii_debug_toolbar.php (2)
in /var/www/GXC-CMS-2/core/cms/extensions/yii-debug-toolbar/components/YiiDebugViewRenderer.php (47)
2014/05/06 17:35:06 [trace] [system.CModule] Loading "widgetFactory" application component
in /var/www/GXC-CMS-2/core/cms/extensions/yii-debug-toolbar/views/yii_debug_toolbar.php (26)
in /var/www/GXC-CMS-2/core/cms/extensions/yii-debug-toolbar/components/YiiDebugViewRenderer.php (47)
in /var/www/GXC-CMS-2/core/cms/extensions/yii-debug-toolbar/YiiDebugToolbar.php (122)
2014/05/05 23:42:03 [trace] [system.CModule] Loading "log" application component
in /var/www/gxc/web/index.php (22)
2014/05/05 23:42:03 [trace] [system.CModule] Loading "request" application component
in /var/www/GXC-CMS-2/core/cms/extensions/yii-debug-toolbar/YiiDebugToolbarRoute.php (112)
in /var/www/gxc/web/index.php (22)
2014/05/05 23:42:03 [trace] [system.CModule] Loading "urlManager" application component
in /var/www/GXC-CMS-2/core/cms/components/HttpRequest.php (66)
in /var/www/GXC-CMS-2/core/cms/components/HttpRequest.php (13)
in /var/www/GXC-CMS-2/core/cms/extensions/yii-debug-toolbar/YiiDebugToolbarRoute.php (112)
2014/05/05 23:42:03 [trace] [system.CModule] Loading "viewRenderer" application component
in /var/www/GXC-CMS-2/core/cms/extensions/yii-debug-toolbar/panels/YiiDebugToolbarPanelViewsRendering.php (35)
in /var/www/GXC-CMS-2/core/cms/extensions/yii-debug-toolbar/YiiDebugToolbar.php (191)
in /var/www/GXC-CMS-2/core/cms/extensions/yii-debug-toolbar/YiiDebugToolbar.php (111)
2014/05/05 23:42:03 [trace] [system.CModule] Loading "db" application component
in /var/www/GXC-CMS-2/core/cms/extensions/yii-debug-toolbar/panels/YiiDebugToolbarPanelSql.php (46)
in /var/www/GXC-CMS-2/core/cms/extensions/yii-debug-toolbar/YiiDebugToolbar.php (182)
in /var/www/GXC-CMS-2/core/cms/extensions/yii-debug-toolbar/YiiDebugToolbar.php (111)
2014/05/05 23:42:03 [trace] [system.db.CDbConnection] Opening DB connection
in /var/www/GXC-CMS-2/core/cms/extensions/yii-debug-toolbar/panels/YiiDebugToolbarPanelSql.php (46)
in /var/www/GXC-CMS-2/core/cms/extensions/yii-debug-toolbar/YiiDebugToolbar.php (182)
in /var/www/GXC-CMS-2/core/cms/extensions/yii-debug-toolbar/YiiDebugToolbar.php (111)
2014/05/05 23:42:03 [trace] [system.CModule] Loading "clientScript" application component
in /var/www/GXC-CMS-2/core/cms/extensions/yii-debug-toolbar/YiiDebugToolbar.php (132)
in /var/www/GXC-CMS-2/core/cms/extensions/yii-debug-toolbar/YiiDebugToolbar.php (112)
in /var/www/GXC-CMS-2/core/cms/extensions/yii-debug-toolbar/YiiDebugToolbarRoute.php (143)
2014/05/05 23:42:03 [trace] [system.CModule] Loading "assetManager" application component
in /var/www/GXC-CMS-2/core/cms/components/GxcHelpers.php (217)
in /var/www/GXC-CMS-2/core/cms/extensions/yii-debug-toolbar/YiiDebugToolbar.php (80)
in /var/www/GXC-CMS-2/core/cms/extensions/yii-debug-toolbar/YiiDebugToolbar.php (140)
2014/05/05 23:42:03 [trace] [system.CModule] Loading "settings" application component
in /var/www/gxc/web/protected/controllers/SiteController.php (8)
in /var/www/gxc/web/index.php (22)
2014/05/05 23:42:03 [trace] [system.CModule] Loading "cache" application component
in /var/www/GXC-CMS-2/core/cms/extensions/settings/CmsSettings.php (400)
in /var/www/GXC-CMS-2/core/cms/extensions/settings/CmsSettings.php (243)
in /var/www/GXC-CMS-2/core/cms/extensions/settings/CmsSettings.php (96)
2014/05/05 23:42:03 [trace] [system.caching.CFileCache] Serving "__cache_registry_global_website_settings" from cache
in /var/www/GXC-CMS-2/core/cms/extensions/settings/CmsSettings.php (170)
in /var/www/GXC-CMS-2/core/cms/extensions/settings/CmsSettings.php (189)
in /var/www/GXC-CMS-2/core/cms/extensions/settings/CmsSettings.php (245)
2014/05/05 23:42:03 [trace] [system.db.CDbCommand] Querying SQL: SELECT `key`, `value` FROM gxc_settings WHERE category=:cat. Bound with :cat='general'
in /var/www/GXC-CMS-2/core/cms/extensions/settings/CmsSettings.php (252)
in /var/www/GXC-CMS-2/core/cms/extensions/settings/CmsSettings.php (96)
in /var/www/gxc/web/protected/controllers/SiteController.php (8)
2014/05/05 23:42:03 [trace] [system.caching.CFileCache] Saving "general_global_website_settings" to cache
in /var/www/GXC-CMS-2/core/cms/extensions/settings/CmsSettings.php (260)
in /var/www/GXC-CMS-2/core/cms/extensions/settings/CmsSettings.php (96)
in /var/www/gxc/web/protected/controllers/SiteController.php (8)
2014/05/05 23:42:03 [trace] [system.db.CDbCommand] Querying SQL: SELECT * FROM gxc_page WHERE slug=:slug limit 1. Bound with :slug='home'
in /var/www/GXC-CMS-2/core/cms/components/FeController.php (41)
in /var/www/gxc/web/protected/controllers/SiteController.php (9)
in /var/www/gxc/web/index.php (22)
2014/05/05 23:42:03 [trace] [system.CModule] Loading "widgetFactory" application component
in /var/www/gxc/common/layouts/default/header.php (34)
in /var/www/GXC-CMS-2/core/cms/extensions/yii-debug-toolbar/components/YiiDebugViewRenderer.php (47)
in /var/www/gxc/common/layouts/default/main.php (4)
2014/05/05 23:42:03 [trace] [system.db.CDbCommand] Querying SQL: SELECT b.block_id,b.name,b.type,b.params FROM 
            	gxc_page_block pb INNER JOIN gxc_block b ON
            	pb.block_id=b.block_id  
            	WHERE page_id=:paramId and pb.region=:regionId and pb.status=:status 
            	order by pb.block_order ASC limit 20. Bound with :paramId='1', :regionId='3', :status=1
in /var/www/GXC-CMS-2/core/cms/widgets/BlockRenderWidget.php (41)
in /var/www/GXC-CMS-2/core/cms/widgets/BlockRenderWidget.php (25)
in /var/www/gxc/common/layouts/default/header.php (34)
2014/05/05 23:42:03 [trace] [system.db.CDbCommand] Querying SQL: SELECT b.block_id,b.name,b.type,b.params FROM 
            	gxc_page_block pb INNER JOIN gxc_block b ON
            	pb.block_id=b.block_id  
            	WHERE page_id=:paramId and pb.region=:regionId and pb.status=:status 
            	order by pb.block_order ASC limit 20. Bound with :paramId='1', :regionId='0', :status=1
in /var/www/GXC-CMS-2/core/cms/widgets/BlockRenderWidget.php (41)
in /var/www/GXC-CMS-2/core/cms/widgets/BlockRenderWidget.php (25)
in /var/www/gxc/common/layouts/default/main.php (13)
2014/05/05 23:42:03 [trace] [system.db.CDbCommand] Querying SQL: SHOW FULL COLUMNS FROM `gxc_menu_item`
in /var/www/GXC-CMS-2/core/cms/models/page/MenuItem.php (21)
in /var/www/gxc/common/blocks/menu/MenuBlock.php (80)
in /var/www/gxc/common/blocks/menu/MenuBlock.php (42)
2014/05/05 23:42:03 [trace] [system.db.CDbCommand] Querying SQL: SHOW CREATE TABLE `gxc_menu_item`
in /var/www/GXC-CMS-2/core/cms/models/page/MenuItem.php (21)
in /var/www/gxc/common/blocks/menu/MenuBlock.php (80)
in /var/www/gxc/common/blocks/menu/MenuBlock.php (42)
2014/05/05 23:42:03 [trace] [system.caching.CFileCache] Saving "yii:dbschemamysql:host=localhost;dbname=gxc:root:{{menu_item}}" to cache
in /var/www/GXC-CMS-2/core/cms/models/page/MenuItem.php (21)
in /var/www/gxc/common/blocks/menu/MenuBlock.php (80)
in /var/www/gxc/common/blocks/menu/MenuBlock.php (42)
2014/05/05 23:42:03 [trace] [system.db.ar.CActiveRecord] MenuItem.findAll()
in /var/www/gxc/common/blocks/menu/MenuBlock.php (85)
in /var/www/gxc/common/blocks/menu/MenuBlock.php (42)
in /var/www/gxc/common/blocks/menu/MenuBlock.php (29)
2014/05/05 23:42:03 [trace] [system.db.CDbCommand] Querying SQL: SELECT * FROM `gxc_menu_item` `t` WHERE parent=:pid AND menu_id=:mid ORDER BY  t.order ASC . Bound with :pid=0, :mid='1'
in /var/www/gxc/common/blocks/menu/MenuBlock.php (85)
in /var/www/gxc/common/blocks/menu/MenuBlock.php (42)
in /var/www/gxc/common/blocks/menu/MenuBlock.php (29)
2014/05/05 23:42:03 [trace] [system.db.CDbCommand] Querying SQL: SHOW FULL COLUMNS FROM `gxc_page`
in /var/www/GXC-CMS-2/core/cms/models/page/Page.php (24)
in /var/www/gxc/common/blocks/menu/MenuBlock.php (116)
in /var/www/gxc/common/blocks/menu/MenuBlock.php (89)
2014/05/05 23:42:03 [trace] [system.db.CDbCommand] Querying SQL: SHOW CREATE TABLE `gxc_page`
in /var/www/GXC-CMS-2/core/cms/models/page/Page.php (24)
in /var/www/gxc/common/blocks/menu/MenuBlock.php (116)
in /var/www/gxc/common/blocks/menu/MenuBlock.php (89)
2014/05/05 23:42:03 [trace] [system.caching.CFileCache] Saving "yii:dbschemamysql:host=localhost;dbname=gxc:root:{{page}}" to cache
in /var/www/GXC-CMS-2/core/cms/models/page/Page.php (24)
in /var/www/gxc/common/blocks/menu/MenuBlock.php (116)
in /var/www/gxc/common/blocks/menu/MenuBlock.php (89)
2014/05/05 23:42:03 [trace] [system.db.ar.CActiveRecord] Page.findByPk()
in /var/www/gxc/common/blocks/menu/MenuBlock.php (116)
in /var/www/gxc/common/blocks/menu/MenuBlock.php (89)
in /var/www/gxc/common/blocks/menu/MenuBlock.php (42)
2014/05/05 23:42:03 [trace] [system.db.CDbCommand] Querying SQL: SELECT * FROM `gxc_page` `t` WHERE `t`.`page_id`='5' LIMIT 1
in /var/www/gxc/common/blocks/menu/MenuBlock.php (116)
in /var/www/gxc/common/blocks/menu/MenuBlock.php (89)
in /var/www/gxc/common/blocks/menu/MenuBlock.php (42)
2014/05/05 23:42:03 [trace] [system.db.ar.CActiveRecord] Page.findByPk()
in /var/www/gxc/common/blocks/menu/MenuBlock.php (116)
in /var/www/gxc/common/blocks/menu/MenuBlock.php (89)
in /var/www/gxc/common/blocks/menu/MenuBlock.php (42)
2014/05/05 23:42:03 [trace] [system.db.CDbCommand] Querying SQL: SELECT * FROM `gxc_page` `t` WHERE `t`.`page_id`='6' LIMIT 1
in /var/www/gxc/common/blocks/menu/MenuBlock.php (116)
in /var/www/gxc/common/blocks/menu/MenuBlock.php (89)
in /var/www/gxc/common/blocks/menu/MenuBlock.php (42)
2014/05/05 23:42:03 [trace] [system.caching.CFileCache] Saving "menu_r0_1" to cache
in /var/www/gxc/common/blocks/menu/MenuBlock.php (43)
in /var/www/gxc/common/blocks/menu/MenuBlock.php (29)
in /var/www/GXC-CMS-2/core/cms/widgets/BlockRenderWidget.php (69)
2014/05/05 23:42:03 [trace] [system.caching.CFileCache] Saving "Yii.COutputCache.menu-render-header1..site/index...." to cache
in /var/www/gxc/common/blocks/menu/menu_block_output.php (12)
in /var/www/GXC-CMS-2/core/cms/extensions/yii-debug-toolbar/components/YiiDebugViewRenderer.php (47)
in /var/www/gxc/common/blocks/menu/MenuBlock.php (47)
2014/05/05 23:42:03 [trace] [system.db.CDbCommand] Querying SQL: SELECT b.block_id,b.name,b.type,b.params FROM 
            	gxc_page_block pb INNER JOIN gxc_block b ON
            	pb.block_id=b.block_id  
            	WHERE page_id=:paramId and pb.region=:regionId and pb.status=:status 
            	order by pb.block_order ASC limit 20. Bound with :paramId='1', :regionId='1', :status=1
in /var/www/GXC-CMS-2/core/cms/widgets/BlockRenderWidget.php (41)
in /var/www/GXC-CMS-2/core/cms/widgets/BlockRenderWidget.php (25)
in /var/www/gxc/common/layouts/default/main.php (20)
2014/05/05 23:42:03 [trace] [system.db.CDbCommand] Querying SQL: SHOW FULL COLUMNS FROM `gxc_content_list`
in /var/www/GXC-CMS-2/core/cms/models/page/ContentList.php (48)
in /var/www/GXC-CMS-2/core/cms/components/GxcHelpers.php (534)
in /var/www/gxc/common/blocks/listview/ListViewBlock.php (82)
2014/05/05 23:42:03 [trace] [system.db.CDbCommand] Querying SQL: SHOW CREATE TABLE `gxc_content_list`
in /var/www/GXC-CMS-2/core/cms/models/page/ContentList.php (48)
in /var/www/GXC-CMS-2/core/cms/components/GxcHelpers.php (534)
in /var/www/gxc/common/blocks/listview/ListViewBlock.php (82)
2014/05/05 23:42:03 [trace] [system.caching.CFileCache] Saving "yii:dbschemamysql:host=localhost;dbname=gxc:root:{{content_list}}" to cache
in /var/www/GXC-CMS-2/core/cms/models/page/ContentList.php (48)
in /var/www/GXC-CMS-2/core/cms/components/GxcHelpers.php (534)
in /var/www/gxc/common/blocks/listview/ListViewBlock.php (82)
2014/05/05 23:42:03 [trace] [system.db.ar.CActiveRecord] ContentList.findByPk()
in /var/www/GXC-CMS-2/core/cms/components/GxcHelpers.php (534)
in /var/www/gxc/common/blocks/listview/ListViewBlock.php (82)
in /var/www/gxc/common/blocks/listview/listview_block_output.php (5)
2014/05/05 23:42:03 [trace] [system.db.CDbCommand] Querying SQL: SELECT * FROM `gxc_content_list` `t` WHERE `t`.`content_list_id`='7' LIMIT 1
in /var/www/GXC-CMS-2/core/cms/components/GxcHelpers.php (534)
in /var/www/gxc/common/blocks/listview/ListViewBlock.php (82)
in /var/www/gxc/common/blocks/listview/listview_block_output.php (5)
2014/05/05 23:42:03 [trace] [system.db.CDbCommand] Querying SQL: SHOW FULL COLUMNS FROM `gxc_object`
in /var/www/GXC-CMS-2/core/cms/components/GxcHelpers.php (622)
in /var/www/gxc/common/blocks/listview/ListViewBlock.php (82)
in /var/www/gxc/common/blocks/listview/listview_block_output.php (5)
2014/05/05 23:42:03 [trace] [system.db.CDbCommand] Querying SQL: SHOW CREATE TABLE `gxc_object`
in /var/www/GXC-CMS-2/core/cms/components/GxcHelpers.php (622)
in /var/www/gxc/common/blocks/listview/ListViewBlock.php (82)
in /var/www/gxc/common/blocks/listview/listview_block_output.php (5)
2014/05/05 23:42:03 [trace] [system.caching.CFileCache] Saving "yii:dbschemamysql:host=localhost;dbname=gxc:root:{{object}}" to cache
in /var/www/GXC-CMS-2/core/cms/components/GxcHelpers.php (622)
in /var/www/gxc/common/blocks/listview/ListViewBlock.php (82)
in /var/www/gxc/common/blocks/listview/listview_block_output.php (5)
2014/05/05 23:42:03 [trace] [system.CModule] Loading "messages" application component
in /var/www/GXC-CMS-2/core/cms/globals.php (83)
in /var/www/gxc/common/blocks/listview/listview_block_output.php (8)
in /var/www/GXC-CMS-2/core/cms/extensions/yii-debug-toolbar/components/YiiDebugViewRenderer.php (47)
2014/05/05 23:42:03 [trace] [system.db.ar.CActiveRecord] Object.count()
in /var/www/gxc/common/blocks/listview/listview_block_output.php (22)
in /var/www/GXC-CMS-2/core/cms/extensions/yii-debug-toolbar/components/YiiDebugViewRenderer.php (47)
in /var/www/gxc/common/blocks/listview/ListViewBlock.php (48)
2014/05/05 23:42:03 [trace] [system.db.CDbCommand] Querying SQL: SELECT COUNT(*) FROM `gxc_object` `t` WHERE t.object_status = :status and t.object_date < :time AND (0 or object_type="article"). Bound with :status=1, :time=1399372923
in /var/www/gxc/common/blocks/listview/listview_block_output.php (22)
in /var/www/GXC-CMS-2/core/cms/extensions/yii-debug-toolbar/components/YiiDebugViewRenderer.php (47)
in /var/www/gxc/common/blocks/listview/ListViewBlock.php (48)
2014/05/05 23:42:03 [trace] [system.db.ar.CActiveRecord] Object.findAll()
in /var/www/gxc/common/blocks/listview/listview_block_output.php (22)
in /var/www/GXC-CMS-2/core/cms/extensions/yii-debug-toolbar/components/YiiDebugViewRenderer.php (47)
in /var/www/gxc/common/blocks/listview/ListViewBlock.php (48)
2014/05/05 23:42:03 [trace] [system.db.CDbCommand] Querying SQL: SELECT * FROM `gxc_object` `t` WHERE t.object_status = :status and t.object_date < :time AND (0 or object_type="article") ORDER BY object_date DESC, t.object_date DESC LIMIT 10. Bound with :status=1, :time=1399372923
in /var/www/gxc/common/blocks/listview/listview_block_output.php (22)
in /var/www/GXC-CMS-2/core/cms/extensions/yii-debug-toolbar/components/YiiDebugViewRenderer.php (47)
in /var/www/gxc/common/blocks/listview/ListViewBlock.php (48)
2014/05/05 23:42:03 [trace] [system.caching.CFileCache] Saving "gxchelpers-content-types-false" to cache
in /var/www/GXC-CMS-2/core/cms/components/GxcHelpers.php (240)
in /var/www/GXC-CMS-2/core/cms/components/GxcHelpers.php (255)
in /var/www/GXC-CMS-2/core/cms/models/object/Object.php (603)
2014/05/05 23:42:03 [trace] [system.caching.CFileCache] Saving "class-of-content-typearticle" to cache
in /var/www/GXC-CMS-2/core/cms/components/GxcHelpers.php (258)
in /var/www/GXC-CMS-2/core/cms/models/object/Object.php (603)
in /var/www/gxc/common/blocks/listview/item_render.php (2)
2014/05/05 23:42:03 [trace] [system.caching.CFileCache] Serving "class-of-content-typearticle" from cache
in /var/www/GXC-CMS-2/core/cms/components/GxcHelpers.php (253)
in /var/www/GXC-CMS-2/core/cms/models/object/Object.php (603)
in /var/www/gxc/common/blocks/listview/item_render.php (2)
2014/05/05 23:42:03 [trace] [system.caching.CFileCache] Serving "class-of-content-typearticle" from cache
in /var/www/GXC-CMS-2/core/cms/components/GxcHelpers.php (253)
in /var/www/GXC-CMS-2/core/cms/models/object/Object.php (603)
in /var/www/gxc/common/blocks/listview/item_render.php (2)
2014/05/05 23:42:03 [trace] [system.CModule] Loading "coreMessages" application component
in /var/www/gxc/common/blocks/listview/listview_block_output.php (22)
in /var/www/GXC-CMS-2/core/cms/extensions/yii-debug-toolbar/components/YiiDebugViewRenderer.php (47)
in /var/www/gxc/common/blocks/listview/ListViewBlock.php (48)
2014/05/05 23:42:03 [trace] [system.db.CDbCommand] Querying SQL: SELECT b.block_id,b.name,b.type,b.params FROM 
            	gxc_page_block pb INNER JOIN gxc_block b ON
            	pb.block_id=b.block_id  
            	WHERE page_id=:paramId and pb.region=:regionId and pb.status=:status 
            	order by pb.block_order ASC limit 20. Bound with :paramId='1', :regionId='2', :status=1
in /var/www/GXC-CMS-2/core/cms/widgets/BlockRenderWidget.php (41)
in /var/www/GXC-CMS-2/core/cms/widgets/BlockRenderWidget.php (25)
in /var/www/gxc/common/layouts/default/main.php (25)
2014/05/05 23:42:03 [trace] [system.db.CDbCommand] Querying SQL: SELECT b.block_id,b.name,b.type,b.params FROM 
            	gxc_page_block pb INNER JOIN gxc_block b ON
            	pb.block_id=b.block_id  
            	WHERE page_id=:paramId and pb.region=:regionId and pb.status=:status 
            	order by pb.block_order ASC limit 20. Bound with :paramId='1', :regionId='4', :status=1
in /var/www/GXC-CMS-2/core/cms/widgets/BlockRenderWidget.php (41)
in /var/www/GXC-CMS-2/core/cms/widgets/BlockRenderWidget.php (25)
in /var/www/gxc/common/layouts/default/main.php (39)
2014/05/05 23:42:04 [trace] [system.CModule] Loading "log" application component
in /var/www/gxc/web/index.php (22)
2014/05/05 23:42:04 [trace] [system.CModule] Loading "request" application component
in /var/www/GXC-CMS-2/core/cms/extensions/yii-debug-toolbar/YiiDebugToolbarRoute.php (112)
in /var/www/gxc/web/index.php (22)
2014/05/05 23:42:04 [trace] [system.CModule] Loading "urlManager" application component
in /var/www/GXC-CMS-2/core/cms/components/HttpRequest.php (66)
in /var/www/GXC-CMS-2/core/cms/components/HttpRequest.php (13)
in /var/www/GXC-CMS-2/core/cms/extensions/yii-debug-toolbar/YiiDebugToolbarRoute.php (112)
2014/05/05 23:42:04 [trace] [system.CModule] Loading "viewRenderer" application component
in /var/www/GXC-CMS-2/core/cms/extensions/yii-debug-toolbar/panels/YiiDebugToolbarPanelViewsRendering.php (35)
in /var/www/GXC-CMS-2/core/cms/extensions/yii-debug-toolbar/YiiDebugToolbar.php (191)
in /var/www/GXC-CMS-2/core/cms/extensions/yii-debug-toolbar/YiiDebugToolbar.php (111)
2014/05/05 23:42:04 [trace] [system.CModule] Loading "db" application component
in /var/www/GXC-CMS-2/core/cms/extensions/yii-debug-toolbar/panels/YiiDebugToolbarPanelSql.php (46)
in /var/www/GXC-CMS-2/core/cms/extensions/yii-debug-toolbar/YiiDebugToolbar.php (182)
in /var/www/GXC-CMS-2/core/cms/extensions/yii-debug-toolbar/YiiDebugToolbar.php (111)
2014/05/05 23:42:04 [trace] [system.db.CDbConnection] Opening DB connection
in /var/www/GXC-CMS-2/core/cms/extensions/yii-debug-toolbar/panels/YiiDebugToolbarPanelSql.php (46)
in /var/www/GXC-CMS-2/core/cms/extensions/yii-debug-toolbar/YiiDebugToolbar.php (182)
in /var/www/GXC-CMS-2/core/cms/extensions/yii-debug-toolbar/YiiDebugToolbar.php (111)
2014/05/05 23:42:04 [trace] [system.CModule] Loading "clientScript" application component
in /var/www/GXC-CMS-2/core/cms/extensions/yii-debug-toolbar/YiiDebugToolbar.php (132)
in /var/www/GXC-CMS-2/core/cms/extensions/yii-debug-toolbar/YiiDebugToolbar.php (112)
in /var/www/GXC-CMS-2/core/cms/extensions/yii-debug-toolbar/YiiDebugToolbarRoute.php (143)
2014/05/05 23:42:04 [trace] [system.CModule] Loading "assetManager" application component
in /var/www/GXC-CMS-2/core/cms/components/GxcHelpers.php (217)
in /var/www/GXC-CMS-2/core/cms/extensions/yii-debug-toolbar/YiiDebugToolbar.php (80)
in /var/www/GXC-CMS-2/core/cms/extensions/yii-debug-toolbar/YiiDebugToolbar.php (140)
2014/05/05 23:42:04 [trace] [system.CModule] Loading "coreMessages" application component
in /var/www/gxc/web/index.php (22)
2014/05/05 23:42:04 [error] [exception.CHttpException.404] exception 'CHttpException' with message 'Unable to resolve the request "assets/58fcdfc1/images/favicon.ico".' in /var/www/GXC-CMS-2/core/yii/framework/web/CWebApplication.php:286
Stack trace:
#0 /var/www/GXC-CMS-2/core/yii/framework/web/CWebApplication.php(141): CWebApplication->runController('assets/58fcdfc1...')
#1 /var/www/GXC-CMS-2/core/yii/framework/base/CApplication.php(169): CWebApplication->processRequest()
#2 /var/www/gxc/web/index.php(22): CApplication->run()
#3 {main}
REQUEST_URI=/web/assets/58fcdfc1/images/favicon.ico
---
2014/05/05 23:42:04 [trace] [system.CModule] Loading "errorHandler" application component
2014/05/05 23:42:04 [trace] [system.base.CModule] Loading "error" module
2014/05/05 23:42:04 [trace] [system.CModule] Loading "messages" application component
in /var/www/GXC-CMS-2/core/cms/globals.php (83)
in /var/www/GXC-CMS-2/core/cms/modules/error/views/layouts/main.php (7)
in /var/www/GXC-CMS-2/core/cms/extensions/yii-debug-toolbar/components/YiiDebugViewRenderer.php (47)
2014/05/05 23:42:04 [trace] [system.CModule] Loading "widgetFactory" application component
in /var/www/GXC-CMS-2/core/cms/extensions/yii-debug-toolbar/views/yii_debug_toolbar.php (26)
in /var/www/GXC-CMS-2/core/cms/extensions/yii-debug-toolbar/components/YiiDebugViewRenderer.php (47)
in /var/www/GXC-CMS-2/core/cms/extensions/yii-debug-toolbar/YiiDebugToolbar.php (122)
